
/home/runner/work/exp-virtual-private-db-amrt/exp-virtual-private-db-amrt/experiment/simulation/js/index-D3-V7Ynq.js
   1:5366    warning  'process' is not defined                                                   no-undef
   1:5392    warning  'process' is not defined                                                   no-undef
   1:9949    warning  'setImmediate' is not defined                                              no-undef
   1:10822   warning  Unreachable code                                                           no-unreachable
   1:16125   warning  '__REACT_DEVTOOLS_GLOBAL_HOOK__' is not defined                            no-undef
   1:16182   warning  '__REACT_DEVTOOLS_GLOBAL_HOOK__' is not defined                            no-undef
   1:19573   warning  Empty block statement                                                      no-empty
   6:202     warning  Expected a conditional expression and instead saw an assignment            no-cond-assign
   8:548     warning  Empty block statement                                                      no-empty
   8:4239    warning  Expected a conditional expression and instead saw an assignment            no-cond-assign
   8:4339    warning  Expected a conditional expression and instead saw an assignment            no-cond-assign
   8:4422    warning  Expected a conditional expression and instead saw an assignment            no-cond-assign
   8:4879    warning  Unexpected combined character in character class                           no-misleading-character-class
   8:6394    warning  Do not access Object.prototype method 'hasOwnProperty' from target object  no-prototype-builtins
   8:8622    warning  Do not access Object.prototype method 'hasOwnProperty' from target object  no-prototype-builtins
   8:10740   warning  Do not access Object.prototype method 'hasOwnProperty' from target object  no-prototype-builtins
   8:10770   warning  Do not access Object.prototype method 'hasOwnProperty' from target object  no-prototype-builtins
   8:10889   warning  Do not access Object.prototype method 'hasOwnProperty' from target object  no-prototype-builtins
   8:10950   warning  Do not access Object.prototype method 'hasOwnProperty' from target object  no-prototype-builtins
   8:13913   warning  Unexpected control character(s) in regular expression: \x00, \x1f          no-control-regex
   8:15956   warning  Expected to return a value in method 'get'                                 getter-return
   8:16646   warning  Do not access Object.prototype method 'hasOwnProperty' from target object  no-prototype-builtins
   8:16988   warning  Invalid typeof comparison value                                            valid-typeof
   8:17162   warning  Invalid typeof comparison value                                            valid-typeof
   8:19027   warning  Expected a conditional expression and instead saw an assignment            no-cond-assign
   8:25346   warning  Do not access Object.prototype method 'hasOwnProperty' from target object  no-prototype-builtins
   8:26656   warning  'process' is not defined                                                   no-undef
   8:26682   warning  'process' is not defined                                                   no-undef
   8:43582   warning  Empty block statement                                                      no-empty
   8:45667   warning  Expected a 'break' statement before 'case'                                 no-fallthrough
   8:46127   warning  Unexpected constant condition                                              no-constant-condition
   8:59122   warning  Empty block statement                                                      no-empty
   8:59131   warning  Empty block statement                                                      no-empty
   8:64674   warning  Expected a conditional expression and instead saw an assignment            no-cond-assign
   8:69577   warning  Expected a conditional expression and instead saw an assignment            no-cond-assign
   8:72472   warning  Expected a conditional expression and instead saw an assignment            no-cond-assign
   8:73580   warning  Expected a conditional expression and instead saw an assignment            no-cond-assign
   8:75258   warning  Expected a conditional expression and instead saw an assignment            no-cond-assign
   8:81889   warning  Expected a conditional expression and instead saw an assignment            no-cond-assign
   8:86866   warning  Unnecessary escape character: \/                                           no-useless-escape
   8:97629   warning  Expected a 'break' statement before 'case'                                 no-fallthrough
   8:98582   warning  Empty block statement                                                      no-empty
   8:98861   warning  Expected a 'break' statement before 'case'                                 no-fallthrough
   8:102057  warning  Expected a conditional expression and instead saw an assignment            no-cond-assign
   8:104428  warning  Do not access Object.prototype method 'hasOwnProperty' from target object  no-prototype-builtins
   8:106242  warning  Expected a 'break' statement before 'case'                                 no-fallthrough
   8:106915  warning  Expected a 'break' statement before 'case'                                 no-fallthrough
   8:112696  warning  Expected a 'break' statement before 'case'                                 no-fallthrough
   8:113030  warning  Unexpected constant condition                                              no-constant-condition
   8:115629  warning  Unexpected constant condition                                              no-constant-condition
   8:116245  warning  Expected a 'break' statement before 'case'                                 no-fallthrough
   8:116560  warning  Unexpected constant condition                                              no-constant-condition
   8:116953  warning  Expected a 'break' statement before 'default'                              no-fallthrough
   8:119421  warning  Expected a conditional expression and instead saw an assignment            no-cond-assign
   8:120233  warning  Empty block statement                                                      no-empty
   8:120983  warning  Empty block statement                                                      no-empty
   8:122456  warning  't' is defined but never used                                              no-unused-vars
   8:124845  warning  Expected a conditional expression and instead saw an assignment            no-cond-assign
   8:128606  warning  Expected a 'break' statement before 'case'                                 no-fallthrough
   8:128793  warning  Expected a 'break' statement before 'case'                                 no-fallthrough
   8:130007  warning  Expected a conditional expression and instead saw an assignment            no-cond-assign
   8:131507  warning  Expected a 'break' statement before 'case'                                 no-fallthrough
   8:133021  warning  Unexpected control character(s) in regular expression: \x00                no-control-regex
   9:476     warning  Expected a 'break' statement before 'case'                                 no-fallthrough
   9:5072    warning  Do not access Object.prototype method 'hasOwnProperty' from target object  no-prototype-builtins
   9:5642    warning  Do not access Object.prototype method 'hasOwnProperty' from target object  no-prototype-builtins
   9:5980    warning  Do not access Object.prototype method 'hasOwnProperty' from target object  no-prototype-builtins
   9:6374    warning  Do not access Object.prototype method 'hasOwnProperty' from target object  no-prototype-builtins
   9:6490    warning  Expected a 'break' statement before 'default'                              no-fallthrough
   9:6651    warning  Do not access Object.prototype method 'hasOwnProperty' from target object  no-prototype-builtins
   9:6914    warning  Do not access Object.prototype method 'hasOwnProperty' from target object  no-prototype-builtins
   9:7397    warning  Expected a 'break' statement before 'case'                                 no-fallthrough
   9:7536    warning  Do not access Object.prototype method 'hasOwnProperty' from target object  no-prototype-builtins
   9:7714    warning  Do not access Object.prototype method 'hasOwnProperty' from target object  no-prototype-builtins
   9:7796    warning  Do not access Object.prototype method 'hasOwnProperty' from target object  no-prototype-builtins
   9:8057    warning  Do not access Object.prototype method 'hasOwnProperty' from target object  no-prototype-builtins
   9:8155    warning  Expected a 'break' statement before 'default'                              no-fallthrough
   9:8165    warning  Do not access Object.prototype method 'hasOwnProperty' from target object  no-prototype-builtins
   9:8243    warning  Do not access Object.prototype method 'hasOwnProperty' from target object  no-prototype-builtins
   9:8631    warning  Do not access Object.prototype method 'hasOwnProperty' from target object  no-prototype-builtins
   9:8705    warning  Expected a 'break' statement before 'default'                              no-fallthrough
   9:8715    warning  Do not access Object.prototype method 'hasOwnProperty' from target object  no-prototype-builtins
   9:8783    warning  Do not access Object.prototype method 'hasOwnProperty' from target object  no-prototype-builtins
   9:8901    warning  Expected a 'break' statement before 'default'                              no-fallthrough
   9:9077    warning  Do not access Object.prototype method 'hasOwnProperty' from target object  no-prototype-builtins
   9:9108    warning  Do not access Object.prototype method 'hasOwnProperty' from target object  no-prototype-builtins
   9:9232    warning  Do not access Object.prototype method 'hasOwnProperty' from target object  no-prototype-builtins
   9:9506    warning  Do not access Object.prototype method 'hasOwnProperty' from target object  no-prototype-builtins
   9:9537    warning  Do not access Object.prototype method 'hasOwnProperty' from target object  no-prototype-builtins
   9:9657    warning  Do not access Object.prototype method 'hasOwnProperty' from target object  no-prototype-builtins
   9:10012   warning  Do not access Object.prototype method 'hasOwnProperty' from target object  no-prototype-builtins
   9:10043   warning  Do not access Object.prototype method 'hasOwnProperty' from target object  no-prototype-builtins
   9:10111   warning  Do not access Object.prototype method 'hasOwnProperty' from target object  no-prototype-builtins
   9:10325   warning  Do not access Object.prototype method 'hasOwnProperty' from target object  no-prototype-builtins
   9:10360   warning  Do not access Object.prototype method 'hasOwnProperty' from target object  no-prototype-builtins
   9:10430   warning  Do not access Object.prototype method 'hasOwnProperty' from target object  no-prototype-builtins
   9:10528   warning  Do not access Object.prototype method 'hasOwnProperty' from target object  no-prototype-builtins
   9:10559   warning  Do not access Object.prototype method 'hasOwnProperty' from target object  no-prototype-builtins
   9:10625   warning  Do not access Object.prototype method 'hasOwnProperty' from target object  no-prototype-builtins
   9:18671   warning  Expected a conditional expression and instead saw an assignment            no-cond-assign
   9:19742   warning  Expected a conditional expression and instead saw an assignment            no-cond-assign
   9:22274   warning  Expected a conditional expression and instead saw an assignment            no-cond-assign
   9:34350   warning  'navigation' is not defined                                                no-undef
   9:34379   warning  'navigation' is not defined                                                no-undef
   9:34419   warning  'navigation' is not defined                                                no-undef
   9:34565   warning  'navigation' is not defined                                                no-undef
   9:34607   warning  'navigation' is not defined                                                no-undef
   9:34656   warning  'navigation' is not defined                                                no-undef
   9:34737   warning  'navigation' is not defined                                                no-undef
   9:34782   warning  'navigation' is not defined                                                no-undef
   9:34834   warning  'navigation' is not defined                                                no-undef
   9:35981   warning  '__REACT_DEVTOOLS_GLOBAL_HOOK__' is not defined                            no-undef
   9:36080   warning  Empty block statement                                                      no-empty
   9:37226   warning  '__REACT_DEVTOOLS_GLOBAL_HOOK__' is not defined                            no-undef
   9:37283   warning  '__REACT_DEVTOOLS_GLOBAL_HOOK__' is not defined                            no-undef
   9:44803   warning  'L' is defined but never used                                              no-unused-vars
   9:47331   warning  'O' is defined but never used                                              no-unused-vars
   9:47341   warning  'g' is assigned a value but never used                                     no-unused-vars
   9:47343   warning  'G' is assigned a value but never used                                     no-unused-vars
   9:47363   warning  '_' is assigned a value but never used                                     no-unused-vars
   9:47365   warning  'q' is assigned a value but never used                                     no-unused-vars
   9:47385   warning  'al' is assigned a value but never used                                    no-unused-vars
   9:47388   warning  'il' is assigned a value but never used                                    no-unused-vars
   9:47409   warning  'gl' is assigned a value but never used                                    no-unused-vars
   9:47412   warning  'Ql' is assigned a value but never used                                    no-unused-vars
   9:47443   warning  'El' is assigned a value but never used                                    no-unused-vars
   9:47446   warning  'Ul' is assigned a value but never used                                    no-unused-vars
   9:47473   warning  'Tl' is assigned a value but never used                                    no-unused-vars
   9:47476   warning  'Vl' is assigned a value but never used                                    no-unused-vars
   9:47497   warning  'Kl' is assigned a value but never used                                    no-unused-vars
   9:47500   warning  'Hl' is assigned a value but never used                                    no-unused-vars
   9:49344   warning  'x' is defined but never used                                              no-unused-vars
  24:183     warning  'z' is defined but never used                                              no-unused-vars
  24:185     warning  'x' is defined but never used                                              no-unused-vars
  30:160     warning  'z' is defined but never used                                              no-unused-vars
  30:162     warning  'x' is defined but never used                                              no-unused-vars
  36:557     warning  'U' is assigned a value but never used                                     no-unused-vars

/home/runner/work/exp-virtual-private-db-amrt/exp-virtual-private-db-amrt/experiment/simulation/js/index-DVIV_XLs.js
   1:5472    warning  'process' is not defined                                                   no-undef
   1:5498    warning  'process' is not defined                                                   no-undef
   1:10099   warning  'setImmediate' is not defined                                              no-undef
   1:10958   warning  Unreachable code                                                           no-unreachable
   1:16246   warning  '__REACT_DEVTOOLS_GLOBAL_HOOK__' is not defined                            no-undef
   1:16303   warning  '__REACT_DEVTOOLS_GLOBAL_HOOK__' is not defined                            no-undef
   1:19679   warning  Empty block statement                                                      no-empty
   6:202     warning  Expected a conditional expression and instead saw an assignment            no-cond-assign
   8:548     warning  Empty block statement                                                      no-empty
   8:4239    warning  Expected a conditional expression and instead saw an assignment            no-cond-assign
   8:4339    warning  Expected a conditional expression and instead saw an assignment            no-cond-assign
   8:4422    warning  Expected a conditional expression and instead saw an assignment            no-cond-assign
   8:4879    warning  Unexpected combined character in character class                           no-misleading-character-class
   8:6394    warning  Do not access Object.prototype method 'hasOwnProperty' from target object  no-prototype-builtins
   8:8622    warning  Do not access Object.prototype method 'hasOwnProperty' from target object  no-prototype-builtins
   8:10740   warning  Do not access Object.prototype method 'hasOwnProperty' from target object  no-prototype-builtins
   8:10770   warning  Do not access Object.prototype method 'hasOwnProperty' from target object  no-prototype-builtins
   8:10889   warning  Do not access Object.prototype method 'hasOwnProperty' from target object  no-prototype-builtins
   8:10950   warning  Do not access Object.prototype method 'hasOwnProperty' from target object  no-prototype-builtins
   8:13913   warning  Unexpected control character(s) in regular expression: \x00, \x1f          no-control-regex
   8:15956   warning  Expected to return a value in method 'get'                                 getter-return
   8:16646   warning  Do not access Object.prototype method 'hasOwnProperty' from target object  no-prototype-builtins
   8:16988   warning  Invalid typeof comparison value                                            valid-typeof
   8:17162   warning  Invalid typeof comparison value                                            valid-typeof
   8:19027   warning  Expected a conditional expression and instead saw an assignment            no-cond-assign
   8:25346   warning  Do not access Object.prototype method 'hasOwnProperty' from target object  no-prototype-builtins
   8:26656   warning  'process' is not defined                                                   no-undef
   8:26682   warning  'process' is not defined                                                   no-undef
   8:43634   warning  Empty block statement                                                      no-empty
   8:45720   warning  Expected a 'break' statement before 'case'                                 no-fallthrough
   8:46180   warning  Unexpected constant condition                                              no-constant-condition
   8:59214   warning  Empty block statement                                                      no-empty
   8:59223   warning  Empty block statement                                                      no-empty
   8:64777   warning  Expected a conditional expression and instead saw an assignment            no-cond-assign
   8:69683   warning  Expected a conditional expression and instead saw an assignment            no-cond-assign
   8:72581   warning  Expected a conditional expression and instead saw an assignment            no-cond-assign
   8:73689   warning  Expected a conditional expression and instead saw an assignment            no-cond-assign
   8:75368   warning  Expected a conditional expression and instead saw an assignment            no-cond-assign
   8:82003   warning  Expected a conditional expression and instead saw an assignment            no-cond-assign
   8:86989   warning  Unnecessary escape character: \/                                           no-useless-escape
   8:97756   warning  Expected a 'break' statement before 'case'                                 no-fallthrough
   8:98709   warning  Empty block statement                                                      no-empty
   8:98988   warning  Expected a 'break' statement before 'case'                                 no-fallthrough
   8:102184  warning  Expected a conditional expression and instead saw an assignment            no-cond-assign
   8:104555  warning  Do not access Object.prototype method 'hasOwnProperty' from target object  no-prototype-builtins
   8:106369  warning  Expected a 'break' statement before 'case'                                 no-fallthrough
   8:107042  warning  Expected a 'break' statement before 'case'                                 no-fallthrough
   8:112832  warning  Expected a 'break' statement before 'case'                                 no-fallthrough
   8:113166  warning  Unexpected constant condition                                              no-constant-condition
   8:115785  warning  Unexpected constant condition                                              no-constant-condition
   8:116410  warning  Expected a 'break' statement before 'case'                                 no-fallthrough
   8:116729  warning  Unexpected constant condition                                              no-constant-condition
   8:117129  warning  Expected a 'break' statement before 'default'                              no-fallthrough
   8:119614  warning  Expected a conditional expression and instead saw an assignment            no-cond-assign
   8:120426  warning  Empty block statement                                                      no-empty
   8:121176  warning  Empty block statement                                                      no-empty
   8:122653  warning  'e' is defined but never used                                              no-unused-vars
   8:125045  warning  Expected a conditional expression and instead saw an assignment            no-cond-assign
   8:128807  warning  Expected a 'break' statement before 'case'                                 no-fallthrough
   8:128994  warning  Expected a 'break' statement before 'case'                                 no-fallthrough
   8:130208  warning  Expected a conditional expression and instead saw an assignment            no-cond-assign
   8:131708  warning  Expected a 'break' statement before 'case'                                 no-fallthrough
   8:133249  warning  Unexpected control character(s) in regular expression: \x00                no-control-regex
   9:476     warning  Expected a 'break' statement before 'case'                                 no-fallthrough
   9:5078    warning  Do not access Object.prototype method 'hasOwnProperty' from target object  no-prototype-builtins
   9:5650    warning  Do not access Object.prototype method 'hasOwnProperty' from target object  no-prototype-builtins
   9:5989    warning  Do not access Object.prototype method 'hasOwnProperty' from target object  no-prototype-builtins
   9:6384    warning  Do not access Object.prototype method 'hasOwnProperty' from target object  no-prototype-builtins
   9:6500    warning  Expected a 'break' statement before 'default'                              no-fallthrough
   9:6662    warning  Do not access Object.prototype method 'hasOwnProperty' from target object  no-prototype-builtins
   9:6925    warning  Do not access Object.prototype method 'hasOwnProperty' from target object  no-prototype-builtins
   9:7419    warning  Expected a 'break' statement before 'case'                                 no-fallthrough
   9:7558    warning  Do not access Object.prototype method 'hasOwnProperty' from target object  no-prototype-builtins
   9:7736    warning  Do not access Object.prototype method 'hasOwnProperty' from target object  no-prototype-builtins
   9:7818    warning  Do not access Object.prototype method 'hasOwnProperty' from target object  no-prototype-builtins
   9:8079    warning  Do not access Object.prototype method 'hasOwnProperty' from target object  no-prototype-builtins
   9:8177    warning  Expected a 'break' statement before 'default'                              no-fallthrough
   9:8187    warning  Do not access Object.prototype method 'hasOwnProperty' from target object  no-prototype-builtins
   9:8265    warning  Do not access Object.prototype method 'hasOwnProperty' from target object  no-prototype-builtins
   9:8653    warning  Do not access Object.prototype method 'hasOwnProperty' from target object  no-prototype-builtins
   9:8727    warning  Expected a 'break' statement before 'default'                              no-fallthrough
   9:8737    warning  Do not access Object.prototype method 'hasOwnProperty' from target object  no-prototype-builtins
   9:8805    warning  Do not access Object.prototype method 'hasOwnProperty' from target object  no-prototype-builtins
   9:8923    warning  Expected a 'break' statement before 'default'                              no-fallthrough
   9:9099    warning  Do not access Object.prototype method 'hasOwnProperty' from target object  no-prototype-builtins
   9:9130    warning  Do not access Object.prototype method 'hasOwnProperty' from target object  no-prototype-builtins
   9:9254    warning  Do not access Object.prototype method 'hasOwnProperty' from target object  no-prototype-builtins
   9:9528    warning  Do not access Object.prototype method 'hasOwnProperty' from target object  no-prototype-builtins
   9:9559    warning  Do not access Object.prototype method 'hasOwnProperty' from target object  no-prototype-builtins
   9:9679    warning  Do not access Object.prototype method 'hasOwnProperty' from target object  no-prototype-builtins
   9:10034   warning  Do not access Object.prototype method 'hasOwnProperty' from target object  no-prototype-builtins
   9:10065   warning  Do not access Object.prototype method 'hasOwnProperty' from target object  no-prototype-builtins
   9:10133   warning  Do not access Object.prototype method 'hasOwnProperty' from target object  no-prototype-builtins
   9:10347   warning  Do not access Object.prototype method 'hasOwnProperty' from target object  no-prototype-builtins
   9:10382   warning  Do not access Object.prototype method 'hasOwnProperty' from target object  no-prototype-builtins
   9:10452   warning  Do not access Object.prototype method 'hasOwnProperty' from target object  no-prototype-builtins
   9:10550   warning  Do not access Object.prototype method 'hasOwnProperty' from target object  no-prototype-builtins
   9:10581   warning  Do not access Object.prototype method 'hasOwnProperty' from target object  no-prototype-builtins
   9:10647   warning  Do not access Object.prototype method 'hasOwnProperty' from target object  no-prototype-builtins
   9:18693   warning  Expected a conditional expression and instead saw an assignment            no-cond-assign
   9:19764   warning  Expected a conditional expression and instead saw an assignment            no-cond-assign
   9:22297   warning  Expected a conditional expression and instead saw an assignment            no-cond-assign
   9:34372   warning  'navigation' is not defined                                                no-undef
   9:34401   warning  'navigation' is not defined                                                no-undef
   9:34441   warning  'navigation' is not defined                                                no-undef
   9:34587   warning  'navigation' is not defined                                                no-undef
   9:34629   warning  'navigation' is not defined                                                no-undef
   9:34678   warning  'navigation' is not defined                                                no-undef
   9:34759   warning  'navigation' is not defined                                                no-undef
   9:34804   warning  'navigation' is not defined                                                no-undef
   9:34856   warning  'navigation' is not defined                                                no-undef
   9:36003   warning  '__REACT_DEVTOOLS_GLOBAL_HOOK__' is not defined                            no-undef
   9:36102   warning  Empty block statement                                                      no-empty
   9:37248   warning  '__REACT_DEVTOOLS_GLOBAL_HOOK__' is not defined                            no-undef
   9:37305   warning  '__REACT_DEVTOOLS_GLOBAL_HOOK__' is not defined                            no-undef
   9:37852   warning  Empty block statement                                                      no-empty
  11:3589    warning  'd' is assigned a value but never used                                     no-unused-vars
  11:4148    warning  Do not access Object.prototype method 'hasOwnProperty' from target object  no-prototype-builtins
  11:6204    warning  'c' is defined but never used                                              no-unused-vars
  11:15327   warning  Empty block statement                                                      no-empty
  11:21367   warning  'ii' is a function                                                         no-func-assign

/home/runner/work/exp-virtual-private-db-amrt/exp-virtual-private-db-amrt/experiment/simulation/js/index-D_kKy45b.js
   1:5366    warning  'process' is not defined                                                   no-undef
   1:5392    warning  'process' is not defined                                                   no-undef
   1:9949    warning  'setImmediate' is not defined                                              no-undef
   1:10822   warning  Unreachable code                                                           no-unreachable
   1:16125   warning  '__REACT_DEVTOOLS_GLOBAL_HOOK__' is not defined                            no-undef
   1:16182   warning  '__REACT_DEVTOOLS_GLOBAL_HOOK__' is not defined                            no-undef
   1:19573   warning  Empty block statement                                                      no-empty
   6:202     warning  Expected a conditional expression and instead saw an assignment            no-cond-assign
   8:548     warning  Empty block statement                                                      no-empty
   8:4239    warning  Expected a conditional expression and instead saw an assignment            no-cond-assign
   8:4339    warning  Expected a conditional expression and instead saw an assignment            no-cond-assign
   8:4422    warning  Expected a conditional expression and instead saw an assignment            no-cond-assign
   8:4879    warning  Unexpected combined character in character class                           no-misleading-character-class
   8:6394    warning  Do not access Object.prototype method 'hasOwnProperty' from target object  no-prototype-builtins
   8:8622    warning  Do not access Object.prototype method 'hasOwnProperty' from target object  no-prototype-builtins
   8:10740   warning  Do not access Object.prototype method 'hasOwnProperty' from target object  no-prototype-builtins
   8:10770   warning  Do not access Object.prototype method 'hasOwnProperty' from target object  no-prototype-builtins
   8:10889   warning  Do not access Object.prototype method 'hasOwnProperty' from target object  no-prototype-builtins
   8:10950   warning  Do not access Object.prototype method 'hasOwnProperty' from target object  no-prototype-builtins
   8:13913   warning  Unexpected control character(s) in regular expression: \x00, \x1f          no-control-regex
   8:15956   warning  Expected to return a value in method 'get'                                 getter-return
   8:16646   warning  Do not access Object.prototype method 'hasOwnProperty' from target object  no-prototype-builtins
   8:16988   warning  Invalid typeof comparison value                                            valid-typeof
   8:17162   warning  Invalid typeof comparison value                                            valid-typeof
   8:19027   warning  Expected a conditional expression and instead saw an assignment            no-cond-assign
   8:25346   warning  Do not access Object.prototype method 'hasOwnProperty' from target object  no-prototype-builtins
   8:26656   warning  'process' is not defined                                                   no-undef
   8:26682   warning  'process' is not defined                                                   no-undef
   8:43582   warning  Empty block statement                                                      no-empty
   8:45667   warning  Expected a 'break' statement before 'case'                                 no-fallthrough
   8:46127   warning  Unexpected constant condition                                              no-constant-condition
   8:59122   warning  Empty block statement                                                      no-empty
   8:59131   warning  Empty block statement                                                      no-empty
   8:64674   warning  Expected a conditional expression and instead saw an assignment            no-cond-assign
   8:69577   warning  Expected a conditional expression and instead saw an assignment            no-cond-assign
   8:72472   warning  Expected a conditional expression and instead saw an assignment            no-cond-assign
   8:73580   warning  Expected a conditional expression and instead saw an assignment            no-cond-assign
   8:75258   warning  Expected a conditional expression and instead saw an assignment            no-cond-assign
   8:81889   warning  Expected a conditional expression and instead saw an assignment            no-cond-assign
   8:86866   warning  Unnecessary escape character: \/                                           no-useless-escape
   8:97629   warning  Expected a 'break' statement before 'case'                                 no-fallthrough
   8:98582   warning  Empty block statement                                                      no-empty
   8:98861   warning  Expected a 'break' statement before 'case'                                 no-fallthrough
   8:102057  warning  Expected a conditional expression and instead saw an assignment            no-cond-assign
   8:104428  warning  Do not access Object.prototype method 'hasOwnProperty' from target object  no-prototype-builtins
   8:106242  warning  Expected a 'break' statement before 'case'                                 no-fallthrough
   8:106915  warning  Expected a 'break' statement before 'case'                                 no-fallthrough
   8:112696  warning  Expected a 'break' statement before 'case'                                 no-fallthrough
   8:113030  warning  Unexpected constant condition                                              no-constant-condition
   8:115629  warning  Unexpected constant condition                                              no-constant-condition
   8:116245  warning  Expected a 'break' statement before 'case'                                 no-fallthrough
   8:116560  warning  Unexpected constant condition                                              no-constant-condition
   8:116953  warning  Expected a 'break' statement before 'default'                              no-fallthrough
   8:119421  warning  Expected a conditional expression and instead saw an assignment            no-cond-assign
   8:120233  warning  Empty block statement                                                      no-empty
   8:120983  warning  Empty block statement                                                      no-empty
   8:122456  warning  't' is defined but never used                                              no-unused-vars
   8:124845  warning  Expected a conditional expression and instead saw an assignment            no-cond-assign
   8:128606  warning  Expected a 'break' statement before 'case'                                 no-fallthrough
   8:128793  warning  Expected a 'break' statement before 'case'                                 no-fallthrough
   8:130007  warning  Expected a conditional expression and instead saw an assignment            no-cond-assign
   8:131507  warning  Expected a 'break' statement before 'case'                                 no-fallthrough
   8:133021  warning  Unexpected control character(s) in regular expression: \x00                no-control-regex
   9:476     warning  Expected a 'break' statement before 'case'                                 no-fallthrough
   9:5072    warning  Do not access Object.prototype method 'hasOwnProperty' from target object  no-prototype-builtins
   9:5642    warning  Do not access Object.prototype method 'hasOwnProperty' from target object  no-prototype-builtins
   9:5980    warning  Do not access Object.prototype method 'hasOwnProperty' from target object  no-prototype-builtins
   9:6374    warning  Do not access Object.prototype method 'hasOwnProperty' from target object  no-prototype-builtins
   9:6490    warning  Expected a 'break' statement before 'default'                              no-fallthrough
   9:6651    warning  Do not access Object.prototype method 'hasOwnProperty' from target object  no-prototype-builtins
   9:6914    warning  Do not access Object.prototype method 'hasOwnProperty' from target object  no-prototype-builtins
   9:7397    warning  Expected a 'break' statement before 'case'                                 no-fallthrough
   9:7536    warning  Do not access Object.prototype method 'hasOwnProperty' from target object  no-prototype-builtins
   9:7714    warning  Do not access Object.prototype method 'hasOwnProperty' from target object  no-prototype-builtins
   9:7796    warning  Do not access Object.prototype method 'hasOwnProperty' from target object  no-prototype-builtins
   9:8057    warning  Do not access Object.prototype method 'hasOwnProperty' from target object  no-prototype-builtins
   9:8155    warning  Expected a 'break' statement before 'default'                              no-fallthrough
   9:8165    warning  Do not access Object.prototype method 'hasOwnProperty' from target object  no-prototype-builtins
   9:8243    warning  Do not access Object.prototype method 'hasOwnProperty' from target object  no-prototype-builtins
   9:8631    warning  Do not access Object.prototype method 'hasOwnProperty' from target object  no-prototype-builtins
   9:8705    warning  Expected a 'break' statement before 'default'                              no-fallthrough
   9:8715    warning  Do not access Object.prototype method 'hasOwnProperty' from target object  no-prototype-builtins
   9:8783    warning  Do not access Object.prototype method 'hasOwnProperty' from target object  no-prototype-builtins
   9:8901    warning  Expected a 'break' statement before 'default'                              no-fallthrough
   9:9077    warning  Do not access Object.prototype method 'hasOwnProperty' from target object  no-prototype-builtins
   9:9108    warning  Do not access Object.prototype method 'hasOwnProperty' from target object  no-prototype-builtins
   9:9232    warning  Do not access Object.prototype method 'hasOwnProperty' from target object  no-prototype-builtins
   9:9506    warning  Do not access Object.prototype method 'hasOwnProperty' from target object  no-prototype-builtins
   9:9537    warning  Do not access Object.prototype method 'hasOwnProperty' from target object  no-prototype-builtins
   9:9657    warning  Do not access Object.prototype method 'hasOwnProperty' from target object  no-prototype-builtins
   9:10012   warning  Do not access Object.prototype method 'hasOwnProperty' from target object  no-prototype-builtins
   9:10043   warning  Do not access Object.prototype method 'hasOwnProperty' from target object  no-prototype-builtins
   9:10111   warning  Do not access Object.prototype method 'hasOwnProperty' from target object  no-prototype-builtins
   9:10325   warning  Do not access Object.prototype method 'hasOwnProperty' from target object  no-prototype-builtins
   9:10360   warning  Do not access Object.prototype method 'hasOwnProperty' from target object  no-prototype-builtins
   9:10430   warning  Do not access Object.prototype method 'hasOwnProperty' from target object  no-prototype-builtins
   9:10528   warning  Do not access Object.prototype method 'hasOwnProperty' from target object  no-prototype-builtins
   9:10559   warning  Do not access Object.prototype method 'hasOwnProperty' from target object  no-prototype-builtins
   9:10625   warning  Do not access Object.prototype method 'hasOwnProperty' from target object  no-prototype-builtins
   9:18671   warning  Expected a conditional expression and instead saw an assignment            no-cond-assign
   9:19742   warning  Expected a conditional expression and instead saw an assignment            no-cond-assign
   9:22274   warning  Expected a conditional expression and instead saw an assignment            no-cond-assign
   9:34350   warning  'navigation' is not defined                                                no-undef
   9:34379   warning  'navigation' is not defined                                                no-undef
   9:34419   warning  'navigation' is not defined                                                no-undef
   9:34565   warning  'navigation' is not defined                                                no-undef
   9:34607   warning  'navigation' is not defined                                                no-undef
   9:34656   warning  'navigation' is not defined                                                no-undef
   9:34737   warning  'navigation' is not defined                                                no-undef
   9:34782   warning  'navigation' is not defined                                                no-undef
   9:34834   warning  'navigation' is not defined                                                no-undef
   9:35981   warning  '__REACT_DEVTOOLS_GLOBAL_HOOK__' is not defined                            no-undef
   9:36080   warning  Empty block statement                                                      no-empty
   9:37226   warning  '__REACT_DEVTOOLS_GLOBAL_HOOK__' is not defined                            no-undef
   9:37283   warning  '__REACT_DEVTOOLS_GLOBAL_HOOK__' is not defined                            no-undef
   9:43416   warning  'G' is defined but never used                                              no-unused-vars
   9:45207   warning  '_' is defined but never used                                              no-unused-vars
   9:45217   warning  'S' is assigned a value but never used                                     no-unused-vars
   9:45219   warning  'H' is assigned a value but never used                                     no-unused-vars
   9:45239   warning  'D' is assigned a value but never used                                     no-unused-vars
   9:45241   warning  'P' is assigned a value but never used                                     no-unused-vars
   9:45261   warning  'El' is assigned a value but never used                                    no-unused-vars
   9:45264   warning  'ol' is assigned a value but never used                                    no-unused-vars
   9:45285   warning  'Sl' is assigned a value but never used                                    no-unused-vars
   9:45288   warning  'Xl' is assigned a value but never used                                    no-unused-vars
   9:45319   warning  'pl' is assigned a value but never used                                    no-unused-vars
   9:45322   warning  'jl' is assigned a value but never used                                    no-unused-vars
   9:45349   warning  'Tl' is assigned a value but never used                                    no-unused-vars
   9:45352   warning  'Vl' is assigned a value but never used                                    no-unused-vars
   9:45373   warning  'Kl' is assigned a value but never used                                    no-unused-vars
   9:45376   warning  'Hl' is assigned a value but never used                                    no-unused-vars
   9:47282   warning  'N' is defined but never used                                              no-unused-vars
  24:166     warning  'z' is defined but never used                                              no-unused-vars
  24:168     warning  'N' is defined but never used                                              no-unused-vars
  30:146     warning  'z' is defined but never used                                              no-unused-vars
  30:148     warning  'N' is defined but never used                                              no-unused-vars
  36:557     warning  'x' is assigned a value but never used                                     no-unused-vars

✖ 395 problems (0 errors, 395 warnings)

